<?xml version="1.0" encoding="UTF-8"?>
<!-- Generated by org.testng.reporters.JUnitReportReporter -->
<testsuite skipped="0" hostname="BLT079" name="com.testcases.ProductTestCase" tests="2" failures="0" timestamp="06 Mar 2020 04:46:56 GMT" time="0.128" errors="2">
  <testcase name="product" time="0.124" classname="com.testcases.ProductTestCase">
    <error type="org.openqa.selenium.NoSuchWindowException" message="no such window: target window already closed
from unknown error: web view not found
  (Session info: chrome=80.0.3987.132)
Build info: version: &#039;3.141.59&#039;, revision: &#039;e82be7d358&#039;, time: &#039;2018-11-14T08:17:03&#039;
System info: host: &#039;BLT079&#039;, ip: &#039;192.168.0.79&#039;, os.name: &#039;Windows 7&#039;, os.arch: &#039;amd64&#039;, os.version: &#039;6.1&#039;, java.version: &#039;1.8.0_221&#039;
Driver info: org.openqa.selenium.chrome.ChromeDriver
Capabilities {acceptInsecureCerts: false, browserName: chrome, browserVersion: 80.0.3987.132, chrome: {chromedriverVersion: 79.0.3945.36 (3582db32b3389..., userDataDir: C:\Users\BLTUSE~1.BLT\AppDa...}, goog:chromeOptions: {debuggerAddress: localhost:50575}, javascriptEnabled: true, networkConnectionEnabled: false, pageLoadStrategy: normal, platform: WINDOWS, platformName: WINDOWS, proxy: Proxy(), setWindowRect: true, strictFileInteractability: false, timeouts: {implicit: 0, pageLoad: 300000, script: 30000}, unhandledPromptBehavior: dismiss and notify}
Session ID: 371477614041f71560dc50cbf4fe337e
*** Element info: {Using=xpath, value=//*[@id=&quot;search&quot;]/div[1]/div[2]/div/span[4]/div[1]/div[1]/div/span/div/div/div/div/div[2]/div[1]/div}">
      <![CDATA[org.openqa.selenium.NoSuchWindowException: no such window: target window already closed
from unknown error: web view not found
  (Session info: chrome=80.0.3987.132)
Build info: version: '3.141.59', revision: 'e82be7d358', time: '2018-11-14T08:17:03'
System info: host: 'BLT079', ip: '192.168.0.79', os.name: 'Windows 7', os.arch: 'amd64', os.version: '6.1', java.version: '1.8.0_221'
Driver info: org.openqa.selenium.chrome.ChromeDriver
Capabilities {acceptInsecureCerts: false, browserName: chrome, browserVersion: 80.0.3987.132, chrome: {chromedriverVersion: 79.0.3945.36 (3582db32b3389..., userDataDir: C:\Users\BLTUSE~1.BLT\AppDa...}, goog:chromeOptions: {debuggerAddress: localhost:50575}, javascriptEnabled: true, networkConnectionEnabled: false, pageLoadStrategy: normal, platform: WINDOWS, platformName: WINDOWS, proxy: Proxy(), setWindowRect: true, strictFileInteractability: false, timeouts: {implicit: 0, pageLoad: 300000, script: 30000}, unhandledPromptBehavior: dismiss and notify}
Session ID: 371477614041f71560dc50cbf4fe337e
*** Element info: {Using=xpath, value=//*[@id="search"]/div[1]/div[2]/div/span[4]/div[1]/div[1]/div/span/div/div/div/div/div[2]/div[1]/div}
at sun.reflect.NativeConstructorAccessorImpl.newInstance0(Native Method)
at sun.reflect.NativeConstructorAccessorImpl.newInstance(Unknown Source)
at sun.reflect.DelegatingConstructorAccessorImpl.newInstance(Unknown Source)
at java.lang.reflect.Constructor.newInstance(Unknown Source)
at org.openqa.selenium.remote.http.W3CHttpResponseCodec.createException(W3CHttpResponseCodec.java:187)
at org.openqa.selenium.remote.http.W3CHttpResponseCodec.decode(W3CHttpResponseCodec.java:122)
at org.openqa.selenium.remote.http.W3CHttpResponseCodec.decode(W3CHttpResponseCodec.java:49)
at org.openqa.selenium.remote.HttpCommandExecutor.execute(HttpCommandExecutor.java:158)
at org.openqa.selenium.remote.service.DriverCommandExecutor.execute(DriverCommandExecutor.java:83)
at org.openqa.selenium.remote.RemoteWebDriver.execute(RemoteWebDriver.java:552)
at org.openqa.selenium.remote.RemoteWebDriver.findElement(RemoteWebDriver.java:323)
at org.openqa.selenium.remote.RemoteWebDriver.findElementByXPath(RemoteWebDriver.java:428)
at org.openqa.selenium.By$ByXPath.findElement(By.java:353)
at org.openqa.selenium.remote.RemoteWebDriver.findElement(RemoteWebDriver.java:315)
at com.pages.Productdetails.details_product(Productdetails.java:18)
at com.testcases.ProductTestCase.product(ProductTestCase.java:20)
at sun.reflect.NativeMethodAccessorImpl.invoke0(Native Method)
at sun.reflect.NativeMethodAccessorImpl.invoke(Unknown Source)
at sun.reflect.DelegatingMethodAccessorImpl.invoke(Unknown Source)
at java.lang.reflect.Method.invoke(Unknown Source)
at org.testng.internal.MethodInvocationHelper.invokeMethod(MethodInvocationHelper.java:124)
at org.testng.internal.Invoker.invokeMethod(Invoker.java:583)
at org.testng.internal.Invoker.invokeTestMethod(Invoker.java:719)
at org.testng.internal.Invoker.invokeTestMethods(Invoker.java:989)
at org.testng.internal.TestMethodWorker.invokeTestMethods(TestMethodWorker.java:125)
at org.testng.internal.TestMethodWorker.run(TestMethodWorker.java:109)
at java.util.concurrent.ThreadPoolExecutor.runWorker(Unknown Source)
at java.util.concurrent.ThreadPoolExecutor$Worker.run(Unknown Source)
at java.lang.Thread.run(Unknown Source)
]]>
    </error>
  </testcase> <!-- product -->
  <testcase name="close" time="0.004" classname="com.testcases.ProductTestCase">
    <error type="java.lang.StackOverflowError">
      <![CDATA[java.lang.StackOverflowError
at com.testcases.ProductTestCase.close(ProductTestCase.java:25)
at com.testcases.ProductTestCase.close(ProductTestCase.java:25)
at com.testcases.ProductTestCase.close(ProductTestCase.java:25)
at com.testcases.ProductTestCase.close(ProductTestCase.java:25)
at com.testcases.ProductTestCase.close(ProductTestCase.java:25)
at com.testcases.ProductTestCase.close(ProductTestCase.java:25)
at com.testcases.ProductTestCase.close(ProductTestCase.java:25)
at com.testcases.ProductTestCase.close(ProductTestCase.java:25)
at com.testcases.ProductTestCase.close(ProductTestCase.java:25)
at com.testcases.ProductTestCase.close(ProductTestCase.java:25)
at com.testcases.ProductTestCase.close(ProductTestCase.java:25)
at com.testcases.ProductTestCase.close(ProductTestCase.java:25)
at com.testcases.ProductTestCase.close(ProductTestCase.java:25)
at com.testcases.ProductTestCase.close(ProductTestCase.java:25)
at com.testcases.ProductTestCase.close(ProductTestCase.java:25)
at com.testcases.ProductTestCase.close(ProductTestCase.java:25)
at com.testcases.ProductTestCase.close(ProductTestCase.java:25)
at com.testcases.ProductTestCase.close(ProductTestCase.java:25)
at com.testcases.ProductTestCase.close(ProductTestCase.java:25)
at com.testcases.ProductTestCase.close(ProductTestCase.java:25)
at com.testcases.ProductTestCase.close(ProductTestCase.java:25)
at com.testcases.ProductTestCase.close(ProductTestCase.java:25)
at com.testcases.ProductTestCase.close(ProductTestCase.java:25)
at com.testcases.ProductTestCase.close(ProductTestCase.java:25)
at com.testcases.ProductTestCase.close(ProductTestCase.java:25)
at com.testcases.ProductTestCase.close(ProductTestCase.java:25)
at com.testcases.ProductTestCase.close(ProductTestCase.java:25)
at com.testcases.ProductTestCase.close(ProductTestCase.java:25)
at com.testcases.ProductTestCase.close(ProductTestCase.java:25)
at com.testcases.ProductTestCase.close(ProductTestCase.java:25)
at com.testcases.ProductTestCase.close(ProductTestCase.java:25)
at com.testcases.ProductTestCase.close(ProductTestCase.java:25)
at com.testcases.ProductTestCase.close(ProductTestCase.java:25)
at com.testcases.ProductTestCase.close(ProductTestCase.java:25)
at com.testcases.ProductTestCase.close(ProductTestCase.java:25)
at com.testcases.ProductTestCase.close(ProductTestCase.java:25)
at com.testcases.ProductTestCase.close(ProductTestCase.java:25)
at com.testcases.ProductTestCase.close(ProductTestCase.java:25)
at com.testcases.ProductTestCase.close(ProductTestCase.java:25)
at com.testcases.ProductTestCase.close(ProductTestCase.java:25)
at com.testcases.ProductTestCase.close(ProductTestCase.java:25)
at com.testcases.ProductTestCase.close(ProductTestCase.java:25)
at com.testcases.ProductTestCase.close(ProductTestCase.java:25)
at com.testcases.ProductTestCase.close(ProductTestCase.java:25)
at com.testcases.ProductTestCase.close(ProductTestCase.java:25)
at com.testcases.ProductTestCase.close(ProductTestCase.java:25)
at com.testcases.ProductTestCase.close(ProductTestCase.java:25)
at com.testcases.ProductTestCase.close(ProductTestCase.java:25)
at com.testcases.ProductTestCase.close(ProductTestCase.java:25)
at com.testcases.ProductTestCase.close(ProductTestCase.java:25)
at com.testcases.ProductTestCase.close(ProductTestCase.java:25)
at com.testcases.ProductTestCase.close(ProductTestCase.java:25)
at com.testcases.ProductTestCase.close(ProductTestCase.java:25)
at com.testcases.ProductTestCase.close(ProductTestCase.java:25)
at com.testcases.ProductTestCase.close(ProductTestCase.java:25)
at com.testcases.ProductTestCase.close(ProductTestCase.java:25)
at com.testcases.ProductTestCase.close(ProductTestCase.java:25)
at com.testcases.ProductTestCase.close(ProductTestCase.java:25)
at com.testcases.ProductTestCase.close(ProductTestCase.java:25)
at com.testcases.ProductTestCase.close(ProductTestCase.java:25)
at com.testcases.ProductTestCase.close(ProductTestCase.java:25)
at com.testcases.ProductTestCase.close(ProductTestCase.java:25)
at com.testcases.ProductTestCase.close(ProductTestCase.java:25)
at com.testcases.ProductTestCase.close(ProductTestCase.java:25)
at com.testcases.ProductTestCase.close(ProductTestCase.java:25)
at com.testcases.ProductTestCase.close(ProductTestCase.java:25)
at com.testcases.ProductTestCase.close(ProductTestCase.java:25)
at com.testcases.ProductTestCase.close(ProductTestCase.java:25)
at com.testcases.ProductTestCase.close(ProductTestCase.java:25)
at com.testcases.ProductTestCase.close(ProductTestCase.java:25)
at com.testcases.ProductTestCase.close(ProductTestCase.java:25)
at com.testcases.ProductTestCase.close(ProductTestCase.java:25)
at com.testcases.ProductTestCase.close(ProductTestCase.java:25)
at com.testcases.ProductTestCase.close(ProductTestCase.java:25)
at com.testcases.ProductTestCase.close(ProductTestCase.java:25)
at com.testcases.ProductTestCase.close(ProductTestCase.java:25)
at com.testcases.ProductTestCase.close(ProductTestCase.java:25)
at com.testcases.ProductTestCase.close(ProductTestCase.java:25)
at com.testcases.ProductTestCase.close(ProductTestCase.java:25)
at com.testcases.ProductTestCase.close(ProductTestCase.java:25)
at com.testcases.ProductTestCase.close(ProductTestCase.java:25)
at com.testcases.ProductTestCase.close(ProductTestCase.java:25)
at com.testcases.ProductTestCase.close(ProductTestCase.java:25)
at com.testcases.ProductTestCase.close(ProductTestCase.java:25)
at com.testcases.ProductTestCase.close(ProductTestCase.java:25)
at com.testcases.ProductTestCase.close(ProductTestCase.java:25)
at com.testcases.ProductTestCase.close(ProductTestCase.java:25)
at com.testcases.ProductTestCase.close(ProductTestCase.java:25)
at com.testcases.ProductTestCase.close(ProductTestCase.java:25)
at com.testcases.ProductTestCase.close(ProductTestCase.java:25)
at com.testcases.ProductTestCase.close(ProductTestCase.java:25)
at com.testcases.ProductTestCase.close(ProductTestCase.java:25)
at com.testcases.ProductTestCase.close(ProductTestCase.java:25)
at com.testcases.ProductTestCase.close(ProductTestCase.java:25)
at com.testcases.ProductTestCase.close(ProductTestCase.java:25)
at com.testcases.ProductTestCase.close(ProductTestCase.java:25)
at com.testcases.ProductTestCase.close(ProductTestCase.java:25)
at com.testcases.ProductTestCase.close(ProductTestCase.java:25)
at com.testcases.ProductTestCase.close(ProductTestCase.java:25)
at com.testcases.ProductTestCase.close(ProductTestCase.java:25)
at com.testcases.ProductTestCase.close(ProductTestCase.java:25)
at com.testcases.ProductTestCase.close(ProductTestCase.java:25)
at com.testcases.ProductTestCase.close(ProductTestCase.java:25)
at com.testcases.ProductTestCase.close(ProductTestCase.java:25)
at com.testcases.ProductTestCase.close(ProductTestCase.java:25)
at com.testcases.ProductTestCase.close(ProductTestCase.java:25)
at com.testcases.ProductTestCase.close(ProductTestCase.java:25)
at com.testcases.ProductTestCase.close(ProductTestCase.java:25)
at com.testcases.ProductTestCase.close(ProductTestCase.java:25)
at com.testcases.ProductTestCase.close(ProductTestCase.java:25)
at com.testcases.ProductTestCase.close(ProductTestCase.java:25)
at com.testcases.ProductTestCase.close(ProductTestCase.java:25)
at com.testcases.ProductTestCase.close(ProductTestCase.java:25)
at com.testcases.ProductTestCase.close(ProductTestCase.java:25)
at com.testcases.ProductTestCase.close(ProductTestCase.java:25)
at com.testcases.ProductTestCase.close(ProductTestCase.java:25)
at com.testcases.ProductTestCase.close(ProductTestCase.java:25)
at com.testcases.ProductTestCase.close(ProductTestCase.java:25)
at com.testcases.ProductTestCase.close(ProductTestCase.java:25)
at com.testcases.ProductTestCase.close(ProductTestCase.java:25)
at com.testcases.ProductTestCase.close(ProductTestCase.java:25)
at com.testcases.ProductTestCase.close(ProductTestCase.java:25)
at com.testcases.ProductTestCase.close(ProductTestCase.java:25)
at com.testcases.ProductTestCase.close(ProductTestCase.java:25)
at com.testcases.ProductTestCase.close(ProductTestCase.java:25)
at com.testcases.ProductTestCase.close(ProductTestCase.java:25)
at com.testcases.ProductTestCase.close(ProductTestCase.java:25)
at com.testcases.ProductTestCase.close(ProductTestCase.java:25)
at com.testcases.ProductTestCase.close(ProductTestCase.java:25)
at com.testcases.ProductTestCase.close(ProductTestCase.java:25)
at com.testcases.ProductTestCase.close(ProductTestCase.java:25)
at com.testcases.ProductTestCase.close(ProductTestCase.java:25)
at com.testcases.ProductTestCase.close(ProductTestCase.java:25)
at com.testcases.ProductTestCase.close(ProductTestCase.java:25)
at com.testcases.ProductTestCase.close(ProductTestCase.java:25)
at com.testcases.ProductTestCase.close(ProductTestCase.java:25)
at com.testcases.ProductTestCase.close(ProductTestCase.java:25)
at com.testcases.ProductTestCase.close(ProductTestCase.java:25)
at com.testcases.ProductTestCase.close(ProductTestCase.java:25)
at com.testcases.ProductTestCase.close(ProductTestCase.java:25)
at com.testcases.ProductTestCase.close(ProductTestCase.java:25)
at com.testcases.ProductTestCase.close(ProductTestCase.java:25)
at com.testcases.ProductTestCase.close(ProductTestCase.java:25)
at com.testcases.ProductTestCase.close(ProductTestCase.java:25)
at com.testcases.ProductTestCase.close(ProductTestCase.java:25)
at com.testcases.ProductTestCase.close(ProductTestCase.java:25)
at com.testcases.ProductTestCase.close(ProductTestCase.java:25)
at com.testcases.ProductTestCase.close(ProductTestCase.java:25)
at com.testcases.ProductTestCase.close(ProductTestCase.java:25)
at com.testcases.ProductTestCase.close(ProductTestCase.java:25)
at com.testcases.ProductTestCase.close(ProductTestCase.java:25)
at com.testcases.ProductTestCase.close(ProductTestCase.java:25)
at com.testcases.ProductTestCase.close(ProductTestCase.java:25)
at com.testcases.ProductTestCase.close(ProductTestCase.java:25)
at com.testcases.ProductTestCase.close(ProductTestCase.java:25)
at com.testcases.ProductTestCase.close(ProductTestCase.java:25)
at com.testcases.ProductTestCase.close(ProductTestCase.java:25)
at com.testcases.ProductTestCase.close(ProductTestCase.java:25)
at com.testcases.ProductTestCase.close(ProductTestCase.java:25)
at com.testcases.ProductTestCase.close(ProductTestCase.java:25)
at com.testcases.ProductTestCase.close(ProductTestCase.java:25)
at com.testcases.ProductTestCase.close(ProductTestCase.java:25)
at com.testcases.ProductTestCase.close(ProductTestCase.java:25)
at com.testcases.ProductTestCase.close(ProductTestCase.java:25)
at com.testcases.ProductTestCase.close(ProductTestCase.java:25)
at com.testcases.ProductTestCase.close(ProductTestCase.java:25)
at com.testcases.ProductTestCase.close(ProductTestCase.java:25)
at com.testcases.ProductTestCase.close(ProductTestCase.java:25)
at com.testcases.ProductTestCase.close(ProductTestCase.java:25)
at com.testcases.ProductTestCase.close(ProductTestCase.java:25)
at com.testcases.ProductTestCase.close(ProductTestCase.java:25)
at com.testcases.ProductTestCase.close(ProductTestCase.java:25)
at com.testcases.ProductTestCase.close(ProductTestCase.java:25)
at com.testcases.ProductTestCase.close(ProductTestCase.java:25)
at com.testcases.ProductTestCase.close(ProductTestCase.java:25)
at com.testcases.ProductTestCase.close(ProductTestCase.java:25)
at com.testcases.ProductTestCase.close(ProductTestCase.java:25)
at com.testcases.ProductTestCase.close(ProductTestCase.java:25)
at com.testcases.ProductTestCase.close(ProductTestCase.java:25)
at com.testcases.ProductTestCase.close(ProductTestCase.java:25)
at com.testcases.ProductTestCase.close(ProductTestCase.java:25)
at com.testcases.ProductTestCase.close(ProductTestCase.java:25)
at com.testcases.ProductTestCase.close(ProductTestCase.java:25)
at com.testcases.ProductTestCase.close(ProductTestCase.java:25)
at com.testcases.ProductTestCase.close(ProductTestCase.java:25)
at com.testcases.ProductTestCase.close(ProductTestCase.java:25)
at com.testcases.ProductTestCase.close(ProductTestCase.java:25)
at com.testcases.ProductTestCase.close(ProductTestCase.java:25)
at com.testcases.ProductTestCase.close(ProductTestCase.java:25)
at com.testcases.ProductTestCase.close(ProductTestCase.java:25)
at com.testcases.ProductTestCase.close(ProductTestCase.java:25)
at com.testcases.ProductTestCase.close(ProductTestCase.java:25)
at com.testcases.ProductTestCase.close(ProductTestCase.java:25)
at com.testcases.ProductTestCase.close(ProductTestCase.java:25)
at com.testcases.ProductTestCase.close(ProductTestCase.java:25)
at com.testcases.ProductTestCase.close(ProductTestCase.java:25)
at com.testcases.ProductTestCase.close(ProductTestCase.java:25)
at com.testcases.ProductTestCase.close(ProductTestCase.java:25)
at com.testcases.ProductTestCase.close(ProductTestCase.java:25)
at com.testcases.ProductTestCase.close(ProductTestCase.java:25)
at com.testcases.ProductTestCase.close(ProductTestCase.java:25)
at com.testcases.ProductTestCase.close(ProductTestCase.java:25)
at com.testcases.ProductTestCase.close(ProductTestCase.java:25)
at com.testcases.ProductTestCase.close(ProductTestCase.java:25)
at com.testcases.ProductTestCase.close(ProductTestCase.java:25)
at com.testcases.ProductTestCase.close(ProductTestCase.java:25)
at com.testcases.ProductTestCase.close(ProductTestCase.java:25)
at com.testcases.ProductTestCase.close(ProductTestCase.java:25)
at com.testcases.ProductTestCase.close(ProductTestCase.java:25)
at com.testcases.ProductTestCase.close(ProductTestCase.java:25)
at com.testcases.ProductTestCase.close(ProductTestCase.java:25)
at com.testcases.ProductTestCase.close(ProductTestCase.java:25)
at com.testcases.ProductTestCase.close(ProductTestCase.java:25)
at com.testcases.ProductTestCase.close(ProductTestCase.java:25)
at com.testcases.ProductTestCase.close(ProductTestCase.java:25)
at com.testcases.ProductTestCase.close(ProductTestCase.java:25)
at com.testcases.ProductTestCase.close(ProductTestCase.java:25)
at com.testcases.ProductTestCase.close(ProductTestCase.java:25)
at com.testcases.ProductTestCase.close(ProductTestCase.java:25)
at com.testcases.ProductTestCase.close(ProductTestCase.java:25)
at com.testcases.ProductTestCase.close(ProductTestCase.java:25)
at com.testcases.ProductTestCase.close(ProductTestCase.java:25)
at com.testcases.ProductTestCase.close(ProductTestCase.java:25)
at com.testcases.ProductTestCase.close(ProductTestCase.java:25)
at com.testcases.ProductTestCase.close(ProductTestCase.java:25)
at com.testcases.ProductTestCase.close(ProductTestCase.java:25)
at com.testcases.ProductTestCase.close(ProductTestCase.java:25)
at com.testcases.ProductTestCase.close(ProductTestCase.java:25)
at com.testcases.ProductTestCase.close(ProductTestCase.java:25)
at com.testcases.ProductTestCase.close(ProductTestCase.java:25)
at com.testcases.ProductTestCase.close(ProductTestCase.java:25)
at com.testcases.ProductTestCase.close(ProductTestCase.java:25)
at com.testcases.ProductTestCase.close(ProductTestCase.java:25)
at com.testcases.ProductTestCase.close(ProductTestCase.java:25)
at com.testcases.ProductTestCase.close(ProductTestCase.java:25)
at com.testcases.ProductTestCase.close(ProductTestCase.java:25)
at com.testcases.ProductTestCase.close(ProductTestCase.java:25)
at com.testcases.ProductTestCase.close(ProductTestCase.java:25)
at com.testcases.ProductTestCase.close(ProductTestCase.java:25)
at com.testcases.ProductTestCase.close(ProductTestCase.java:25)
at com.testcases.ProductTestCase.close(ProductTestCase.java:25)
at com.testcases.ProductTestCase.close(ProductTestCase.java:25)
at com.testcases.ProductTestCase.close(ProductTestCase.java:25)
at com.testcases.ProductTestCase.close(ProductTestCase.java:25)
at com.testcases.ProductTestCase.close(ProductTestCase.java:25)
at com.testcases.ProductTestCase.close(ProductTestCase.java:25)
at com.testcases.ProductTestCase.close(ProductTestCase.java:25)
at com.testcases.ProductTestCase.close(ProductTestCase.java:25)
at com.testcases.ProductTestCase.close(ProductTestCase.java:25)
at com.testcases.ProductTestCase.close(ProductTestCase.java:25)
at com.testcases.ProductTestCase.close(ProductTestCase.java:25)
at com.testcases.ProductTestCase.close(ProductTestCase.java:25)
at com.testcases.ProductTestCase.close(ProductTestCase.java:25)
at com.testcases.ProductTestCase.close(ProductTestCase.java:25)
at com.testcases.ProductTestCase.close(ProductTestCase.java:25)
at com.testcases.ProductTestCase.close(ProductTestCase.java:25)
at com.testcases.ProductTestCase.close(ProductTestCase.java:25)
at com.testcases.ProductTestCase.close(ProductTestCase.java:25)
at com.testcases.ProductTestCase.close(ProductTestCase.java:25)
at com.testcases.ProductTestCase.close(ProductTestCase.java:25)
at com.testcases.ProductTestCase.close(ProductTestCase.java:25)
at com.testcases.ProductTestCase.close(ProductTestCase.java:25)
at com.testcases.ProductTestCase.close(ProductTestCase.java:25)
at com.testcases.ProductTestCase.close(ProductTestCase.java:25)
at com.testcases.ProductTestCase.close(ProductTestCase.java:25)
at com.testcases.ProductTestCase.close(ProductTestCase.java:25)
at com.testcases.ProductTestCase.close(ProductTestCase.java:25)
at com.testcases.ProductTestCase.close(ProductTestCase.java:25)
at com.testcases.ProductTestCase.close(ProductTestCase.java:25)
at com.testcases.ProductTestCase.close(ProductTestCase.java:25)
at com.testcases.ProductTestCase.close(ProductTestCase.java:25)
at com.testcases.ProductTestCase.close(ProductTestCase.java:25)
at com.testcases.ProductTestCase.close(ProductTestCase.java:25)
at com.testcases.ProductTestCase.close(ProductTestCase.java:25)
at com.testcases.ProductTestCase.close(ProductTestCase.java:25)
at com.testcases.ProductTestCase.close(ProductTestCase.java:25)
at com.testcases.ProductTestCase.close(ProductTestCase.java:25)
at com.testcases.ProductTestCase.close(ProductTestCase.java:25)
at com.testcases.ProductTestCase.close(ProductTestCase.java:25)
at com.testcases.ProductTestCase.close(ProductTestCase.java:25)
at com.testcases.ProductTestCase.close(ProductTestCase.java:25)
at com.testcases.ProductTestCase.close(ProductTestCase.java:25)
at com.testcases.ProductTestCase.close(ProductTestCase.java:25)
at com.testcases.ProductTestCase.close(ProductTestCase.java:25)
at com.testcases.ProductTestCase.close(ProductTestCase.java:25)
at com.testcases.ProductTestCase.close(ProductTestCase.java:25)
at com.testcases.ProductTestCase.close(ProductTestCase.java:25)
at com.testcases.ProductTestCase.close(ProductTestCase.java:25)
at com.testcases.ProductTestCase.close(ProductTestCase.java:25)
at com.testcases.ProductTestCase.close(ProductTestCase.java:25)
at com.testcases.ProductTestCase.close(ProductTestCase.java:25)
at com.testcases.ProductTestCase.close(ProductTestCase.java:25)
at com.testcases.ProductTestCase.close(ProductTestCase.java:25)
at com.testcases.ProductTestCase.close(ProductTestCase.java:25)
at com.testcases.ProductTestCase.close(ProductTestCase.java:25)
at com.testcases.ProductTestCase.close(ProductTestCase.java:25)
at com.testcases.ProductTestCase.close(ProductTestCase.java:25)
at com.testcases.ProductTestCase.close(ProductTestCase.java:25)
at com.testcases.ProductTestCase.close(ProductTestCase.java:25)
at com.testcases.ProductTestCase.close(ProductTestCase.java:25)
at com.testcases.ProductTestCase.close(ProductTestCase.java:25)
at com.testcases.ProductTestCase.close(ProductTestCase.java:25)
at com.testcases.ProductTestCase.close(ProductTestCase.java:25)
at com.testcases.ProductTestCase.close(ProductTestCase.java:25)
at com.testcases.ProductTestCase.close(ProductTestCase.java:25)
at com.testcases.ProductTestCase.close(ProductTestCase.java:25)
at com.testcases.ProductTestCase.close(ProductTestCase.java:25)
at com.testcases.ProductTestCase.close(ProductTestCase.java:25)
at com.testcases.ProductTestCase.close(ProductTestCase.java:25)
at com.testcases.ProductTestCase.close(ProductTestCase.java:25)
at com.testcases.ProductTestCase.close(ProductTestCase.java:25)
at com.testcases.ProductTestCase.close(ProductTestCase.java:25)
at com.testcases.ProductTestCase.close(ProductTestCase.java:25)
at com.testcases.ProductTestCase.close(ProductTestCase.java:25)
at com.testcases.ProductTestCase.close(ProductTestCase.java:25)
at com.testcases.ProductTestCase.close(ProductTestCase.java:25)
at com.testcases.ProductTestCase.close(ProductTestCase.java:25)
at com.testcases.ProductTestCase.close(ProductTestCase.java:25)
at com.testcases.ProductTestCase.close(ProductTestCase.java:25)
at com.testcases.ProductTestCase.close(ProductTestCase.java:25)
at com.testcases.ProductTestCase.close(ProductTestCase.java:25)
at com.testcases.ProductTestCase.close(ProductTestCase.java:25)
at com.testcases.ProductTestCase.close(ProductTestCase.java:25)
at com.testcases.ProductTestCase.close(ProductTestCase.java:25)
at com.testcases.ProductTestCase.close(ProductTestCase.java:25)
at com.testcases.ProductTestCase.close(ProductTestCase.java:25)
at com.testcases.ProductTestCase.close(ProductTestCase.java:25)
at com.testcases.ProductTestCase.close(ProductTestCase.java:25)
at com.testcases.ProductTestCase.close(ProductTestCase.java:25)
at com.testcases.ProductTestCase.close(ProductTestCase.java:25)
at com.testcases.ProductTestCase.close(ProductTestCase.java:25)
at com.testcases.ProductTestCase.close(ProductTestCase.java:25)
at com.testcases.ProductTestCase.close(ProductTestCase.java:25)
at com.testcases.ProductTestCase.close(ProductTestCase.java:25)
at com.testcases.ProductTestCase.close(ProductTestCase.java:25)
at com.testcases.ProductTestCase.close(ProductTestCase.java:25)
at com.testcases.ProductTestCase.close(ProductTestCase.java:25)
at com.testcases.ProductTestCase.close(ProductTestCase.java:25)
at com.testcases.ProductTestCase.close(ProductTestCase.java:25)
at com.testcases.ProductTestCase.close(ProductTestCase.java:25)
at com.testcases.ProductTestCase.close(ProductTestCase.java:25)
at com.testcases.ProductTestCase.close(ProductTestCase.java:25)
at com.testcases.ProductTestCase.close(ProductTestCase.java:25)
at com.testcases.ProductTestCase.close(ProductTestCase.java:25)
at com.testcases.ProductTestCase.close(ProductTestCase.java:25)
at com.testcases.ProductTestCase.close(ProductTestCase.java:25)
at com.testcases.ProductTestCase.close(ProductTestCase.java:25)
at com.testcases.ProductTestCase.close(ProductTestCase.java:25)
at com.testcases.ProductTestCase.close(ProductTestCase.java:25)
at com.testcases.ProductTestCase.close(ProductTestCase.java:25)
at com.testcases.ProductTestCase.close(ProductTestCase.java:25)
at com.testcases.ProductTestCase.close(ProductTestCase.java:25)
at com.testcases.ProductTestCase.close(ProductTestCase.java:25)
at com.testcases.ProductTestCase.close(ProductTestCase.java:25)
at com.testcases.ProductTestCase.close(ProductTestCase.java:25)
at com.testcases.ProductTestCase.close(ProductTestCase.java:25)
at com.testcases.ProductTestCase.close(ProductTestCase.java:25)
at com.testcases.ProductTestCase.close(ProductTestCase.java:25)
at com.testcases.ProductTestCase.close(ProductTestCase.java:25)
at com.testcases.ProductTestCase.close(ProductTestCase.java:25)
at com.testcases.ProductTestCase.close(ProductTestCase.java:25)
at com.testcases.ProductTestCase.close(ProductTestCase.java:25)
at com.testcases.ProductTestCase.close(ProductTestCase.java:25)
at com.testcases.ProductTestCase.close(ProductTestCase.java:25)
at com.testcases.ProductTestCase.close(ProductTestCase.java:25)
at com.testcases.ProductTestCase.close(ProductTestCase.java:25)
at com.testcases.ProductTestCase.close(ProductTestCase.java:25)
at com.testcases.ProductTestCase.close(ProductTestCase.java:25)
at com.testcases.ProductTestCase.close(ProductTestCase.java:25)
at com.testcases.ProductTestCase.close(ProductTestCase.java:25)
at com.testcases.ProductTestCase.close(ProductTestCase.java:25)
at com.testcases.ProductTestCase.close(ProductTestCase.java:25)
at com.testcases.ProductTestCase.close(ProductTestCase.java:25)
at com.testcases.ProductTestCase.close(ProductTestCase.java:25)
at com.testcases.ProductTestCase.close(ProductTestCase.java:25)
at com.testcases.ProductTestCase.close(ProductTestCase.java:25)
at com.testcases.ProductTestCase.close(ProductTestCase.java:25)
at com.testcases.ProductTestCase.close(ProductTestCase.java:25)
at com.testcases.ProductTestCase.close(ProductTestCase.java:25)
at com.testcases.ProductTestCase.close(ProductTestCase.java:25)
at com.testcases.ProductTestCase.close(ProductTestCase.java:25)
at com.testcases.ProductTestCase.close(ProductTestCase.java:25)
at com.testcases.ProductTestCase.close(ProductTestCase.java:25)
at com.testcases.ProductTestCase.close(ProductTestCase.java:25)
at com.testcases.ProductTestCase.close(ProductTestCase.java:25)
at com.testcases.ProductTestCase.close(ProductTestCase.java:25)
at com.testcases.ProductTestCase.close(ProductTestCase.java:25)
at com.testcases.ProductTestCase.close(ProductTestCase.java:25)
at com.testcases.ProductTestCase.close(ProductTestCase.java:25)
at com.testcases.ProductTestCase.close(ProductTestCase.java:25)
at com.testcases.ProductTestCase.close(ProductTestCase.java:25)
at com.testcases.ProductTestCase.close(ProductTestCase.java:25)
at com.testcases.ProductTestCase.close(ProductTestCase.java:25)
at com.testcases.ProductTestCase.close(ProductTestCase.java:25)
at com.testcases.ProductTestCase.close(ProductTestCase.java:25)
at com.testcases.ProductTestCase.close(ProductTestCase.java:25)
at com.testcases.ProductTestCase.close(ProductTestCase.java:25)
at com.testcases.ProductTestCase.close(ProductTestCase.java:25)
at com.testcases.ProductTestCase.close(ProductTestCase.java:25)
at com.testcases.ProductTestCase.close(ProductTestCase.java:25)
at com.testcases.ProductTestCase.close(ProductTestCase.java:25)
at com.testcases.ProductTestCase.close(ProductTestCase.java:25)
at com.testcases.ProductTestCase.close(ProductTestCase.java:25)
at com.testcases.ProductTestCase.close(ProductTestCase.java:25)
at com.testcases.ProductTestCase.close(ProductTestCase.java:25)
at com.testcases.ProductTestCase.close(ProductTestCase.java:25)
at com.testcases.ProductTestCase.close(ProductTestCase.java:25)
at com.testcases.ProductTestCase.close(ProductTestCase.java:25)
at com.testcases.ProductTestCase.close(ProductTestCase.java:25)
at com.testcases.ProductTestCase.close(ProductTestCase.java:25)
at com.testcases.ProductTestCase.close(ProductTestCase.java:25)
at com.testcases.ProductTestCase.close(ProductTestCase.java:25)
at com.testcases.ProductTestCase.close(ProductTestCase.java:25)
at com.testcases.ProductTestCase.close(ProductTestCase.java:25)
at com.testcases.ProductTestCase.close(ProductTestCase.java:25)
at com.testcases.ProductTestCase.close(ProductTestCase.java:25)
at com.testcases.ProductTestCase.close(ProductTestCase.java:25)
at com.testcases.ProductTestCase.close(ProductTestCase.java:25)
at com.testcases.ProductTestCase.close(ProductTestCase.java:25)
at com.testcases.ProductTestCase.close(ProductTestCase.java:25)
at com.testcases.ProductTestCase.close(ProductTestCase.java:25)
at com.testcases.ProductTestCase.close(ProductTestCase.java:25)
at com.testcases.ProductTestCase.close(ProductTestCase.java:25)
at com.testcases.ProductTestCase.close(ProductTestCase.java:25)
at com.testcases.ProductTestCase.close(ProductTestCase.java:25)
at com.testcases.ProductTestCase.close(ProductTestCase.java:25)
at com.testcases.ProductTestCase.close(ProductTestCase.java:25)
at com.testcases.ProductTestCase.close(ProductTestCase.java:25)
at com.testcases.ProductTestCase.close(ProductTestCase.java:25)
at com.testcases.ProductTestCase.close(ProductTestCase.java:25)
at com.testcases.ProductTestCase.close(ProductTestCase.java:25)
at com.testcases.ProductTestCase.close(ProductTestCase.java:25)
at com.testcases.ProductTestCase.close(ProductTestCase.java:25)
at com.testcases.ProductTestCase.close(ProductTestCase.java:25)
at com.testcases.ProductTestCase.close(ProductTestCase.java:25)
at com.testcases.ProductTestCase.close(ProductTestCase.java:25)
at com.testcases.ProductTestCase.close(ProductTestCase.java:25)
at com.testcases.ProductTestCase.close(ProductTestCase.java:25)
at com.testcases.ProductTestCase.close(ProductTestCase.java:25)
at com.testcases.ProductTestCase.close(ProductTestCase.java:25)
at com.testcases.ProductTestCase.close(ProductTestCase.java:25)
at com.testcases.ProductTestCase.close(ProductTestCase.java:25)
at com.testcases.ProductTestCase.close(ProductTestCase.java:25)
at com.testcases.ProductTestCase.close(ProductTestCase.java:25)
at com.testcases.ProductTestCase.close(ProductTestCase.java:25)
at com.testcases.ProductTestCase.close(ProductTestCase.java:25)
at com.testcases.ProductTestCase.close(ProductTestCase.java:25)
at com.testcases.ProductTestCase.close(ProductTestCase.java:25)
at com.testcases.ProductTestCase.close(ProductTestCase.java:25)
at com.testcases.ProductTestCase.close(ProductTestCase.java:25)
at com.testcases.ProductTestCase.close(ProductTestCase.java:25)
at com.testcases.ProductTestCase.close(ProductTestCase.java:25)
at com.testcases.ProductTestCase.close(ProductTestCase.java:25)
at com.testcases.ProductTestCase.close(ProductTestCase.java:25)
at com.testcases.ProductTestCase.close(ProductTestCase.java:25)
at com.testcases.ProductTestCase.close(ProductTestCase.java:25)
at com.testcases.ProductTestCase.close(ProductTestCase.java:25)
at com.testcases.ProductTestCase.close(ProductTestCase.java:25)
at com.testcases.ProductTestCase.close(ProductTestCase.java:25)
at com.testcases.ProductTestCase.close(ProductTestCase.java:25)
at com.testcases.ProductTestCase.close(ProductTestCase.java:25)
at com.testcases.ProductTestCase.close(ProductTestCase.java:25)
at com.testcases.ProductTestCase.close(ProductTestCase.java:25)
at com.testcases.ProductTestCase.close(ProductTestCase.java:25)
at com.testcases.ProductTestCase.close(ProductTestCase.java:25)
at com.testcases.ProductTestCase.close(ProductTestCase.java:25)
at com.testcases.ProductTestCase.close(ProductTestCase.java:25)
at com.testcases.ProductTestCase.close(ProductTestCase.java:25)
at com.testcases.ProductTestCase.close(ProductTestCase.java:25)
at com.testcases.ProductTestCase.close(ProductTestCase.java:25)
at com.testcases.ProductTestCase.close(ProductTestCase.java:25)
at com.testcases.ProductTestCase.close(ProductTestCase.java:25)
at com.testcases.ProductTestCase.close(ProductTestCase.java:25)
at com.testcases.ProductTestCase.close(ProductTestCase.java:25)
at com.testcases.ProductTestCase.close(ProductTestCase.java:25)
at com.testcases.ProductTestCase.close(ProductTestCase.java:25)
at com.testcases.ProductTestCase.close(ProductTestCase.java:25)
at com.testcases.ProductTestCase.close(ProductTestCase.java:25)
at com.testcases.ProductTestCase.close(ProductTestCase.java:25)
at com.testcases.ProductTestCase.close(ProductTestCase.java:25)
at com.testcases.ProductTestCase.close(ProductTestCase.java:25)
at com.testcases.ProductTestCase.close(ProductTestCase.java:25)
at com.testcases.ProductTestCase.close(ProductTestCase.java:25)
at com.testcases.ProductTestCase.close(ProductTestCase.java:25)
at com.testcases.ProductTestCase.close(ProductTestCase.java:25)
at com.testcases.ProductTestCase.close(ProductTestCase.java:25)
at com.testcases.ProductTestCase.close(ProductTestCase.java:25)
at com.testcases.ProductTestCase.close(ProductTestCase.java:25)
at com.testcases.ProductTestCase.close(ProductTestCase.java:25)
at com.testcases.ProductTestCase.close(ProductTestCase.java:25)
at com.testcases.ProductTestCase.close(ProductTestCase.java:25)
at com.testcases.ProductTestCase.close(ProductTestCase.java:25)
at com.testcases.ProductTestCase.close(ProductTestCase.java:25)
at com.testcases.ProductTestCase.close(ProductTestCase.java:25)
at com.testcases.ProductTestCase.close(ProductTestCase.java:25)
at com.testcases.ProductTestCase.close(ProductTestCase.java:25)
at com.testcases.ProductTestCase.close(ProductTestCase.java:25)
at com.testcases.ProductTestCase.close(ProductTestCase.java:25)
at com.testcases.ProductTestCase.close(ProductTestCase.java:25)
at com.testcases.ProductTestCase.close(ProductTestCase.java:25)
at com.testcases.ProductTestCase.close(ProductTestCase.java:25)
at com.testcases.ProductTestCase.close(ProductTestCase.java:25)
at com.testcases.ProductTestCase.close(ProductTestCase.java:25)
at com.testcases.ProductTestCase.close(ProductTestCase.java:25)
at com.testcases.ProductTestCase.close(ProductTestCase.java:25)
at com.testcases.ProductTestCase.close(ProductTestCase.java:25)
at com.testcases.ProductTestCase.close(ProductTestCase.java:25)
at com.testcases.ProductTestCase.close(ProductTestCase.java:25)
at com.testcases.ProductTestCase.close(ProductTestCase.java:25)
at com.testcases.ProductTestCase.close(ProductTestCase.java:25)
at com.testcases.ProductTestCase.close(ProductTestCase.java:25)
at com.testcases.ProductTestCase.close(ProductTestCase.java:25)
at com.testcases.ProductTestCase.close(ProductTestCase.java:25)
at com.testcases.ProductTestCase.close(ProductTestCase.java:25)
at com.testcases.ProductTestCase.close(ProductTestCase.java:25)
at com.testcases.ProductTestCase.close(ProductTestCase.java:25)
at com.testcases.ProductTestCase.close(ProductTestCase.java:25)
at com.testcases.ProductTestCase.close(ProductTestCase.java:25)
at com.testcases.ProductTestCase.close(ProductTestCase.java:25)
at com.testcases.ProductTestCase.close(ProductTestCase.java:25)
at com.testcases.ProductTestCase.close(ProductTestCase.java:25)
at com.testcases.ProductTestCase.close(ProductTestCase.java:25)
at com.testcases.ProductTestCase.close(ProductTestCase.java:25)
at com.testcases.ProductTestCase.close(ProductTestCase.java:25)
at com.testcases.ProductTestCase.close(ProductTestCase.java:25)
at com.testcases.ProductTestCase.close(ProductTestCase.java:25)
at com.testcases.ProductTestCase.close(ProductTestCase.java:25)
at com.testcases.ProductTestCase.close(ProductTestCase.java:25)
at com.testcases.ProductTestCase.close(ProductTestCase.java:25)
at com.testcases.ProductTestCase.close(ProductTestCase.java:25)
at com.testcases.ProductTestCase.close(ProductTestCase.java:25)
at com.testcases.ProductTestCase.close(ProductTestCase.java:25)
at com.testcases.ProductTestCase.close(ProductTestCase.java:25)
at com.testcases.ProductTestCase.close(ProductTestCase.java:25)
at com.testcases.ProductTestCase.close(ProductTestCase.java:25)
at com.testcases.ProductTestCase.close(ProductTestCase.java:25)
at com.testcases.ProductTestCase.close(ProductTestCase.java:25)
at com.testcases.ProductTestCase.close(ProductTestCase.java:25)
at com.testcases.ProductTestCase.close(ProductTestCase.java:25)
at com.testcases.ProductTestCase.close(ProductTestCase.java:25)
at com.testcases.ProductTestCase.close(ProductTestCase.java:25)
at com.testcases.ProductTestCase.close(ProductTestCase.java:25)
at com.testcases.ProductTestCase.close(ProductTestCase.java:25)
at com.testcases.ProductTestCase.close(ProductTestCase.java:25)
at com.testcases.ProductTestCase.close(ProductTestCase.java:25)
at com.testcases.ProductTestCase.close(ProductTestCase.java:25)
at com.testcases.ProductTestCase.close(ProductTestCase.java:25)
at com.testcases.ProductTestCase.close(ProductTestCase.java:25)
at com.testcases.ProductTestCase.close(ProductTestCase.java:25)
at com.testcases.ProductTestCase.close(ProductTestCase.java:25)
at com.testcases.ProductTestCase.close(ProductTestCase.java:25)
at com.testcases.ProductTestCase.close(ProductTestCase.java:25)
at com.testcases.ProductTestCase.close(ProductTestCase.java:25)
at com.testcases.ProductTestCase.close(ProductTestCase.java:25)
at com.testcases.ProductTestCase.close(ProductTestCase.java:25)
at com.testcases.ProductTestCase.close(ProductTestCase.java:25)
at com.testcases.ProductTestCase.close(ProductTestCase.java:25)
at com.testcases.ProductTestCase.close(ProductTestCase.java:25)
at com.testcases.ProductTestCase.close(ProductTestCase.java:25)
at com.testcases.ProductTestCase.close(ProductTestCase.java:25)
at com.testcases.ProductTestCase.close(ProductTestCase.java:25)
at com.testcases.ProductTestCase.close(ProductTestCase.java:25)
at com.testcases.ProductTestCase.close(ProductTestCase.java:25)
at com.testcases.ProductTestCase.close(ProductTestCase.java:25)
at com.testcases.ProductTestCase.close(ProductTestCase.java:25)
at com.testcases.ProductTestCase.close(ProductTestCase.java:25)
at com.testcases.ProductTestCase.close(ProductTestCase.java:25)
at com.testcases.ProductTestCase.close(ProductTestCase.java:25)
at com.testcases.ProductTestCase.close(ProductTestCase.java:25)
at com.testcases.ProductTestCase.close(ProductTestCase.java:25)
at com.testcases.ProductTestCase.close(ProductTestCase.java:25)
at com.testcases.ProductTestCase.close(ProductTestCase.java:25)
at com.testcases.ProductTestCase.close(ProductTestCase.java:25)
at com.testcases.ProductTestCase.close(ProductTestCase.java:25)
at com.testcases.ProductTestCase.close(ProductTestCase.java:25)
at com.testcases.ProductTestCase.close(ProductTestCase.java:25)
at com.testcases.ProductTestCase.close(ProductTestCase.java:25)
at com.testcases.ProductTestCase.close(ProductTestCase.java:25)
at com.testcases.ProductTestCase.close(ProductTestCase.java:25)
at com.testcases.ProductTestCase.close(ProductTestCase.java:25)
at com.testcases.ProductTestCase.close(ProductTestCase.java:25)
at com.testcases.ProductTestCase.close(ProductTestCase.java:25)
at com.testcases.ProductTestCase.close(ProductTestCase.java:25)
at com.testcases.ProductTestCase.close(ProductTestCase.java:25)
at com.testcases.ProductTestCase.close(ProductTestCase.java:25)
at com.testcases.ProductTestCase.close(ProductTestCase.java:25)
at com.testcases.ProductTestCase.close(ProductTestCase.java:25)
at com.testcases.ProductTestCase.close(ProductTestCase.java:25)
at com.testcases.ProductTestCase.close(ProductTestCase.java:25)
at com.testcases.ProductTestCase.close(ProductTestCase.java:25)
at com.testcases.ProductTestCase.close(ProductTestCase.java:25)
at com.testcases.ProductTestCase.close(ProductTestCase.java:25)
at com.testcases.ProductTestCase.close(ProductTestCase.java:25)
at com.testcases.ProductTestCase.close(ProductTestCase.java:25)
at com.testcases.ProductTestCase.close(ProductTestCase.java:25)
at com.testcases.ProductTestCase.close(ProductTestCase.java:25)
at com.testcases.ProductTestCase.close(ProductTestCase.java:25)
at com.testcases.ProductTestCase.close(ProductTestCase.java:25)
at com.testcases.ProductTestCase.close(ProductTestCase.java:25)
at com.testcases.ProductTestCase.close(ProductTestCase.java:25)
at com.testcases.ProductTestCase.close(ProductTestCase.java:25)
at com.testcases.ProductTestCase.close(ProductTestCase.java:25)
at com.testcases.ProductTestCase.close(ProductTestCase.java:25)
at com.testcases.ProductTestCase.close(ProductTestCase.java:25)
at com.testcases.ProductTestCase.close(ProductTestCase.java:25)
at com.testcases.ProductTestCase.close(ProductTestCase.java:25)
at com.testcases.ProductTestCase.close(ProductTestCase.java:25)
at com.testcases.ProductTestCase.close(ProductTestCase.java:25)
at com.testcases.ProductTestCase.close(ProductTestCase.java:25)
at com.testcases.ProductTestCase.close(ProductTestCase.java:25)
at com.testcases.ProductTestCase.close(ProductTestCase.java:25)
at com.testcases.ProductTestCase.close(ProductTestCase.java:25)
at com.testcases.ProductTestCase.close(ProductTestCase.java:25)
at com.testcases.ProductTestCase.close(ProductTestCase.java:25)
at com.testcases.ProductTestCase.close(ProductTestCase.java:25)
at com.testcases.ProductTestCase.close(ProductTestCase.java:25)
at com.testcases.ProductTestCase.close(ProductTestCase.java:25)
at com.testcases.ProductTestCase.close(ProductTestCase.java:25)
at com.testcases.ProductTestCase.close(ProductTestCase.java:25)
at com.testcases.ProductTestCase.close(ProductTestCase.java:25)
at com.testcases.ProductTestCase.close(ProductTestCase.java:25)
at com.testcases.ProductTestCase.close(ProductTestCase.java:25)
at com.testcases.ProductTestCase.close(ProductTestCase.java:25)
at com.testcases.ProductTestCase.close(ProductTestCase.java:25)
at com.testcases.ProductTestCase.close(ProductTestCase.java:25)
at com.testcases.ProductTestCase.close(ProductTestCase.java:25)
at com.testcases.ProductTestCase.close(ProductTestCase.java:25)
at com.testcases.ProductTestCase.close(ProductTestCase.java:25)
at com.testcases.ProductTestCase.close(ProductTestCase.java:25)
at com.testcases.ProductTestCase.close(ProductTestCase.java:25)
at com.testcases.ProductTestCase.close(ProductTestCase.java:25)
at com.testcases.ProductTestCase.close(ProductTestCase.java:25)
at com.testcases.ProductTestCase.close(ProductTestCase.java:25)
at com.testcases.ProductTestCase.close(ProductTestCase.java:25)
at com.testcases.ProductTestCase.close(ProductTestCase.java:25)
at com.testcases.ProductTestCase.close(ProductTestCase.java:25)
at com.testcases.ProductTestCase.close(ProductTestCase.java:25)
at com.testcases.ProductTestCase.close(ProductTestCase.java:25)
at com.testcases.ProductTestCase.close(ProductTestCase.java:25)
at com.testcases.ProductTestCase.close(ProductTestCase.java:25)
at com.testcases.ProductTestCase.close(ProductTestCase.java:25)
at com.testcases.ProductTestCase.close(ProductTestCase.java:25)
at com.testcases.ProductTestCase.close(ProductTestCase.java:25)
at com.testcases.ProductTestCase.close(ProductTestCase.java:25)
at com.testcases.ProductTestCase.close(ProductTestCase.java:25)
at com.testcases.ProductTestCase.close(ProductTestCase.java:25)
at com.testcases.ProductTestCase.close(ProductTestCase.java:25)
at com.testcases.ProductTestCase.close(ProductTestCase.java:25)
at com.testcases.ProductTestCase.close(ProductTestCase.java:25)
at com.testcases.ProductTestCase.close(ProductTestCase.java:25)
at com.testcases.ProductTestCase.close(ProductTestCase.java:25)
at com.testcases.ProductTestCase.close(ProductTestCase.java:25)
at com.testcases.ProductTestCase.close(ProductTestCase.java:25)
at com.testcases.ProductTestCase.close(ProductTestCase.java:25)
at com.testcases.ProductTestCase.close(ProductTestCase.java:25)
at com.testcases.ProductTestCase.close(ProductTestCase.java:25)
at com.testcases.ProductTestCase.close(ProductTestCase.java:25)
at com.testcases.ProductTestCase.close(ProductTestCase.java:25)
at com.testcases.ProductTestCase.close(ProductTestCase.java:25)
at com.testcases.ProductTestCase.close(ProductTestCase.java:25)
at com.testcases.ProductTestCase.close(ProductTestCase.java:25)
at com.testcases.ProductTestCase.close(ProductTestCase.java:25)
at com.testcases.ProductTestCase.close(ProductTestCase.java:25)
at com.testcases.ProductTestCase.close(ProductTestCase.java:25)
at com.testcases.ProductTestCase.close(ProductTestCase.java:25)
at com.testcases.ProductTestCase.close(ProductTestCase.java:25)
at com.testcases.ProductTestCase.close(ProductTestCase.java:25)
at com.testcases.ProductTestCase.close(ProductTestCase.java:25)
at com.testcases.ProductTestCase.close(ProductTestCase.java:25)
at com.testcases.ProductTestCase.close(ProductTestCase.java:25)
at com.testcases.ProductTestCase.close(ProductTestCase.java:25)
at com.testcases.ProductTestCase.close(ProductTestCase.java:25)
at com.testcases.ProductTestCase.close(ProductTestCase.java:25)
at com.testcases.ProductTestCase.close(ProductTestCase.java:25)
at com.testcases.ProductTestCase.close(ProductTestCase.java:25)
at com.testcases.ProductTestCase.close(ProductTestCase.java:25)
at com.testcases.ProductTestCase.close(ProductTestCase.java:25)
at com.testcases.ProductTestCase.close(ProductTestCase.java:25)
at com.testcases.ProductTestCase.close(ProductTestCase.java:25)
at com.testcases.ProductTestCase.close(ProductTestCase.java:25)
at com.testcases.ProductTestCase.close(ProductTestCase.java:25)
at com.testcases.ProductTestCase.close(ProductTestCase.java:25)
at com.testcases.ProductTestCase.close(ProductTestCase.java:25)
at com.testcases.ProductTestCase.close(ProductTestCase.java:25)
at com.testcases.ProductTestCase.close(ProductTestCase.java:25)
at com.testcases.ProductTestCase.close(ProductTestCase.java:25)
at com.testcases.ProductTestCase.close(ProductTestCase.java:25)
at com.testcases.ProductTestCase.close(ProductTestCase.java:25)
at com.testcases.ProductTestCase.close(ProductTestCase.java:25)
at com.testcases.ProductTestCase.close(ProductTestCase.java:25)
at com.testcases.ProductTestCase.close(ProductTestCase.java:25)
at com.testcases.ProductTestCase.close(ProductTestCase.java:25)
at com.testcases.ProductTestCase.close(ProductTestCase.java:25)
at com.testcases.ProductTestCase.close(ProductTestCase.java:25)
at com.testcases.ProductTestCase.close(ProductTestCase.java:25)
at com.testcases.ProductTestCase.close(ProductTestCase.java:25)
at com.testcases.ProductTestCase.close(ProductTestCase.java:25)
at com.testcases.ProductTestCase.close(ProductTestCase.java:25)
at com.testcases.ProductTestCase.close(ProductTestCase.java:25)
at com.testcases.ProductTestCase.close(ProductTestCase.java:25)
at com.testcases.ProductTestCase.close(ProductTestCase.java:25)
at com.testcases.ProductTestCase.close(ProductTestCase.java:25)
at com.testcases.ProductTestCase.close(ProductTestCase.java:25)
at com.testcases.ProductTestCase.close(ProductTestCase.java:25)
at com.testcases.ProductTestCase.close(ProductTestCase.java:25)
at com.testcases.ProductTestCase.close(ProductTestCase.java:25)
at com.testcases.ProductTestCase.close(ProductTestCase.java:25)
at com.testcases.ProductTestCase.close(ProductTestCase.java:25)
at com.testcases.ProductTestCase.close(ProductTestCase.java:25)
at com.testcases.ProductTestCase.close(ProductTestCase.java:25)
at com.testcases.ProductTestCase.close(ProductTestCase.java:25)
at com.testcases.ProductTestCase.close(ProductTestCase.java:25)
at com.testcases.ProductTestCase.close(ProductTestCase.java:25)
at com.testcases.ProductTestCase.close(ProductTestCase.java:25)
at com.testcases.ProductTestCase.close(ProductTestCase.java:25)
at com.testcases.ProductTestCase.close(ProductTestCase.java:25)
at com.testcases.ProductTestCase.close(ProductTestCase.java:25)
at com.testcases.ProductTestCase.close(ProductTestCase.java:25)
at com.testcases.ProductTestCase.close(ProductTestCase.java:25)
at com.testcases.ProductTestCase.close(ProductTestCase.java:25)
at com.testcases.ProductTestCase.close(ProductTestCase.java:25)
at com.testcases.ProductTestCase.close(ProductTestCase.java:25)
at com.testcases.ProductTestCase.close(ProductTestCase.java:25)
at com.testcases.ProductTestCase.close(ProductTestCase.java:25)
at com.testcases.ProductTestCase.close(ProductTestCase.java:25)
at com.testcases.ProductTestCase.close(ProductTestCase.java:25)
at com.testcases.ProductTestCase.close(ProductTestCase.java:25)
at com.testcases.ProductTestCase.close(ProductTestCase.java:25)
at com.testcases.ProductTestCase.close(ProductTestCase.java:25)
at com.testcases.ProductTestCase.close(ProductTestCase.java:25)
at com.testcases.ProductTestCase.close(ProductTestCase.java:25)
at com.testcases.ProductTestCase.close(ProductTestCase.java:25)
at com.testcases.ProductTestCase.close(ProductTestCase.java:25)
at com.testcases.ProductTestCase.close(ProductTestCase.java:25)
at com.testcases.ProductTestCase.close(ProductTestCase.java:25)
at com.testcases.ProductTestCase.close(ProductTestCase.java:25)
at com.testcases.ProductTestCase.close(ProductTestCase.java:25)
at com.testcases.ProductTestCase.close(ProductTestCase.java:25)
at com.testcases.ProductTestCase.close(ProductTestCase.java:25)
at com.testcases.ProductTestCase.close(ProductTestCase.java:25)
at com.testcases.ProductTestCase.close(ProductTestCase.java:25)
at com.testcases.ProductTestCase.close(ProductTestCase.java:25)
at com.testcases.ProductTestCase.close(ProductTestCase.java:25)
at com.testcases.ProductTestCase.close(ProductTestCase.java:25)
at com.testcases.ProductTestCase.close(ProductTestCase.java:25)
at com.testcases.ProductTestCase.close(ProductTestCase.java:25)
at com.testcases.ProductTestCase.close(ProductTestCase.java:25)
at com.testcases.ProductTestCase.close(ProductTestCase.java:25)
at com.testcases.ProductTestCase.close(ProductTestCase.java:25)
at com.testcases.ProductTestCase.close(ProductTestCase.java:25)
at com.testcases.ProductTestCase.close(ProductTestCase.java:25)
at com.testcases.ProductTestCase.close(ProductTestCase.java:25)
at com.testcases.ProductTestCase.close(ProductTestCase.java:25)
at com.testcases.ProductTestCase.close(ProductTestCase.java:25)
at com.testcases.ProductTestCase.close(ProductTestCase.java:25)
at com.testcases.ProductTestCase.close(ProductTestCase.java:25)
at com.testcases.ProductTestCase.close(ProductTestCase.java:25)
at com.testcases.ProductTestCase.close(ProductTestCase.java:25)
at com.testcases.ProductTestCase.close(ProductTestCase.java:25)
at com.testcases.ProductTestCase.close(ProductTestCase.java:25)
at com.testcases.ProductTestCase.close(ProductTestCase.java:25)
at com.testcases.ProductTestCase.close(ProductTestCase.java:25)
at com.testcases.ProductTestCase.close(ProductTestCase.java:25)
at com.testcases.ProductTestCase.close(ProductTestCase.java:25)
at com.testcases.ProductTestCase.close(ProductTestCase.java:25)
at com.testcases.ProductTestCase.close(ProductTestCase.java:25)
at com.testcases.ProductTestCase.close(ProductTestCase.java:25)
at com.testcases.ProductTestCase.close(ProductTestCase.java:25)
at com.testcases.ProductTestCase.close(ProductTestCase.java:25)
at com.testcases.ProductTestCase.close(ProductTestCase.java:25)
at com.testcases.ProductTestCase.close(ProductTestCase.java:25)
at com.testcases.ProductTestCase.close(ProductTestCase.java:25)
at com.testcases.ProductTestCase.close(ProductTestCase.java:25)
at com.testcases.ProductTestCase.close(ProductTestCase.java:25)
at com.testcases.ProductTestCase.close(ProductTestCase.java:25)
at com.testcases.ProductTestCase.close(ProductTestCase.java:25)
at com.testcases.ProductTestCase.close(ProductTestCase.java:25)
at com.testcases.ProductTestCase.close(ProductTestCase.java:25)
at com.testcases.ProductTestCase.close(ProductTestCase.java:25)
at com.testcases.ProductTestCase.close(ProductTestCase.java:25)
at com.testcases.ProductTestCase.close(ProductTestCase.java:25)
at com.testcases.ProductTestCase.close(ProductTestCase.java:25)
at com.testcases.ProductTestCase.close(ProductTestCase.java:25)
at com.testcases.ProductTestCase.close(ProductTestCase.java:25)
at com.testcases.ProductTestCase.close(ProductTestCase.java:25)
at com.testcases.ProductTestCase.close(ProductTestCase.java:25)
at com.testcases.ProductTestCase.close(ProductTestCase.java:25)
at com.testcases.ProductTestCase.close(ProductTestCase.java:25)
at com.testcases.ProductTestCase.close(ProductTestCase.java:25)
at com.testcases.ProductTestCase.close(ProductTestCase.java:25)
at com.testcases.ProductTestCase.close(ProductTestCase.java:25)
at com.testcases.ProductTestCase.close(ProductTestCase.java:25)
at com.testcases.ProductTestCase.close(ProductTestCase.java:25)
at com.testcases.ProductTestCase.close(ProductTestCase.java:25)
at com.testcases.ProductTestCase.close(ProductTestCase.java:25)
at com.testcases.ProductTestCase.close(ProductTestCase.java:25)
at com.testcases.ProductTestCase.close(ProductTestCase.java:25)
at com.testcases.ProductTestCase.close(ProductTestCase.java:25)
at com.testcases.ProductTestCase.close(ProductTestCase.java:25)
at com.testcases.ProductTestCase.close(ProductTestCase.java:25)
at com.testcases.ProductTestCase.close(ProductTestCase.java:25)
at com.testcases.ProductTestCase.close(ProductTestCase.java:25)
at com.testcases.ProductTestCase.close(ProductTestCase.java:25)
at com.testcases.ProductTestCase.close(ProductTestCase.java:25)
at com.testcases.ProductTestCase.close(ProductTestCase.java:25)
at com.testcases.ProductTestCase.close(ProductTestCase.java:25)
at com.testcases.ProductTestCase.close(ProductTestCase.java:25)
at com.testcases.ProductTestCase.close(ProductTestCase.java:25)
at com.testcases.ProductTestCase.close(ProductTestCase.java:25)
at com.testcases.ProductTestCase.close(ProductTestCase.java:25)
at com.testcases.ProductTestCase.close(ProductTestCase.java:25)
at com.testcases.ProductTestCase.close(ProductTestCase.java:25)
at com.testcases.ProductTestCase.close(ProductTestCase.java:25)
at com.testcases.ProductTestCase.close(ProductTestCase.java:25)
at com.testcases.ProductTestCase.close(ProductTestCase.java:25)
at com.testcases.ProductTestCase.close(ProductTestCase.java:25)
at com.testcases.ProductTestCase.close(ProductTestCase.java:25)
at com.testcases.ProductTestCase.close(ProductTestCase.java:25)
at com.testcases.ProductTestCase.close(ProductTestCase.java:25)
at com.testcases.ProductTestCase.close(ProductTestCase.java:25)
at com.testcases.ProductTestCase.close(ProductTestCase.java:25)
at com.testcases.ProductTestCase.close(ProductTestCase.java:25)
at com.testcases.ProductTestCase.close(ProductTestCase.java:25)
at com.testcases.ProductTestCase.close(ProductTestCase.java:25)
at com.testcases.ProductTestCase.close(ProductTestCase.java:25)
at com.testcases.ProductTestCase.close(ProductTestCase.java:25)
at com.testcases.ProductTestCase.close(ProductTestCase.java:25)
at com.testcases.ProductTestCase.close(ProductTestCase.java:25)
at com.testcases.ProductTestCase.close(ProductTestCase.java:25)
at com.testcases.ProductTestCase.close(ProductTestCase.java:25)
at com.testcases.ProductTestCase.close(ProductTestCase.java:25)
at com.testcases.ProductTestCase.close(ProductTestCase.java:25)
at com.testcases.ProductTestCase.close(ProductTestCase.java:25)
at com.testcases.ProductTestCase.close(ProductTestCase.java:25)
at com.testcases.ProductTestCase.close(ProductTestCase.java:25)
at com.testcases.ProductTestCase.close(ProductTestCase.java:25)
at com.testcases.ProductTestCase.close(ProductTestCase.java:25)
at com.testcases.ProductTestCase.close(ProductTestCase.java:25)
at com.testcases.ProductTestCase.close(ProductTestCase.java:25)
at com.testcases.ProductTestCase.close(ProductTestCase.java:25)
at com.testcases.ProductTestCase.close(ProductTestCase.java:25)
at com.testcases.ProductTestCase.close(ProductTestCase.java:25)
at com.testcases.ProductTestCase.close(ProductTestCase.java:25)
at com.testcases.ProductTestCase.close(ProductTestCase.java:25)
at com.testcases.ProductTestCase.close(ProductTestCase.java:25)
at com.testcases.ProductTestCase.close(ProductTestCase.java:25)
at com.testcases.ProductTestCase.close(ProductTestCase.java:25)
at com.testcases.ProductTestCase.close(ProductTestCase.java:25)
at com.testcases.ProductTestCase.close(ProductTestCase.java:25)
at com.testcases.ProductTestCase.close(ProductTestCase.java:25)
at com.testcases.ProductTestCase.close(ProductTestCase.java:25)
at com.testcases.ProductTestCase.close(ProductTestCase.java:25)
at com.testcases.ProductTestCase.close(ProductTestCase.java:25)
at com.testcases.ProductTestCase.close(ProductTestCase.java:25)
at com.testcases.ProductTestCase.close(ProductTestCase.java:25)
at com.testcases.ProductTestCase.close(ProductTestCase.java:25)
at com.testcases.ProductTestCase.close(ProductTestCase.java:25)
at com.testcases.ProductTestCase.close(ProductTestCase.java:25)
at com.testcases.ProductTestCase.close(ProductTestCase.java:25)
at com.testcases.ProductTestCase.close(ProductTestCase.java:25)
at com.testcases.ProductTestCase.close(ProductTestCase.java:25)
at com.testcases.ProductTestCase.close(ProductTestCase.java:25)
at com.testcases.ProductTestCase.close(ProductTestCase.java:25)
at com.testcases.ProductTestCase.close(ProductTestCase.java:25)
at com.testcases.ProductTestCase.close(ProductTestCase.java:25)
at com.testcases.ProductTestCase.close(ProductTestCase.java:25)
at com.testcases.ProductTestCase.close(ProductTestCase.java:25)
at com.testcases.ProductTestCase.close(ProductTestCase.java:25)
at com.testcases.ProductTestCase.close(ProductTestCase.java:25)
at com.testcases.ProductTestCase.close(ProductTestCase.java:25)
at com.testcases.ProductTestCase.close(ProductTestCase.java:25)
at com.testcases.ProductTestCase.close(ProductTestCase.java:25)
at com.testcases.ProductTestCase.close(ProductTestCase.java:25)
at com.testcases.ProductTestCase.close(ProductTestCase.java:25)
at com.testcases.ProductTestCase.close(ProductTestCase.java:25)
at com.testcases.ProductTestCase.close(ProductTestCase.java:25)
at com.testcases.ProductTestCase.close(ProductTestCase.java:25)
at com.testcases.ProductTestCase.close(ProductTestCase.java:25)
at com.testcases.ProductTestCase.close(ProductTestCase.java:25)
at com.testcases.ProductTestCase.close(ProductTestCase.java:25)
at com.testcases.ProductTestCase.close(ProductTestCase.java:25)
at com.testcases.ProductTestCase.close(ProductTestCase.java:25)
at com.testcases.ProductTestCase.close(ProductTestCase.java:25)
at com.testcases.ProductTestCase.close(ProductTestCase.java:25)
at com.testcases.ProductTestCase.close(ProductTestCase.java:25)
at com.testcases.ProductTestCase.close(ProductTestCase.java:25)
at com.testcases.ProductTestCase.close(ProductTestCase.java:25)
at com.testcases.ProductTestCase.close(ProductTestCase.java:25)
at com.testcases.ProductTestCase.close(ProductTestCase.java:25)
at com.testcases.ProductTestCase.close(ProductTestCase.java:25)
at com.testcases.ProductTestCase.close(ProductTestCase.java:25)
at com.testcases.ProductTestCase.close(ProductTestCase.java:25)
at com.testcases.ProductTestCase.close(ProductTestCase.java:25)
at com.testcases.ProductTestCase.close(ProductTestCase.java:25)
at com.testcases.ProductTestCase.close(ProductTestCase.java:25)
at com.testcases.ProductTestCase.close(ProductTestCase.java:25)
at com.testcases.ProductTestCase.close(ProductTestCase.java:25)
at com.testcases.ProductTestCase.close(ProductTestCase.java:25)
at com.testcases.ProductTestCase.close(ProductTestCase.java:25)
at com.testcases.ProductTestCase.close(ProductTestCase.java:25)
at com.testcases.ProductTestCase.close(ProductTestCase.java:25)
at com.testcases.ProductTestCase.close(ProductTestCase.java:25)
at com.testcases.ProductTestCase.close(ProductTestCase.java:25)
at com.testcases.ProductTestCase.close(ProductTestCase.java:25)
at com.testcases.ProductTestCase.close(ProductTestCase.java:25)
at com.testcases.ProductTestCase.close(ProductTestCase.java:25)
at com.testcases.ProductTestCase.close(ProductTestCase.java:25)
at com.testcases.ProductTestCase.close(ProductTestCase.java:25)
at com.testcases.ProductTestCase.close(ProductTestCase.java:25)
at com.testcases.ProductTestCase.close(ProductTestCase.java:25)
at com.testcases.ProductTestCase.close(ProductTestCase.java:25)
at com.testcases.ProductTestCase.close(ProductTestCase.java:25)
at com.testcases.ProductTestCase.close(ProductTestCase.java:25)
at com.testcases.ProductTestCase.close(ProductTestCase.java:25)
at com.testcases.ProductTestCase.close(ProductTestCase.java:25)
at com.testcases.ProductTestCase.close(ProductTestCase.java:25)
at com.testcases.ProductTestCase.close(ProductTestCase.java:25)
at com.testcases.ProductTestCase.close(ProductTestCase.java:25)
at com.testcases.ProductTestCase.close(ProductTestCase.java:25)
at com.testcases.ProductTestCase.close(ProductTestCase.java:25)
at com.testcases.ProductTestCase.close(ProductTestCase.java:25)
at com.testcases.ProductTestCase.close(ProductTestCase.java:25)
at com.testcases.ProductTestCase.close(ProductTestCase.java:25)
at com.testcases.ProductTestCase.close(ProductTestCase.java:25)
at com.testcases.ProductTestCase.close(ProductTestCase.java:25)
at com.testcases.ProductTestCase.close(ProductTestCase.java:25)
at com.testcases.ProductTestCase.close(ProductTestCase.java:25)
at com.testcases.ProductTestCase.close(ProductTestCase.java:25)
at com.testcases.ProductTestCase.close(ProductTestCase.java:25)
at com.testcases.ProductTestCase.close(ProductTestCase.java:25)
at com.testcases.ProductTestCase.close(ProductTestCase.java:25)
at com.testcases.ProductTestCase.close(ProductTestCase.java:25)
at com.testcases.ProductTestCase.close(ProductTestCase.java:25)
at com.testcases.ProductTestCase.close(ProductTestCase.java:25)
at com.testcases.ProductTestCase.close(ProductTestCase.java:25)
at com.testcases.ProductTestCase.close(ProductTestCase.java:25)
at com.testcases.ProductTestCase.close(ProductTestCase.java:25)
at com.testcases.ProductTestCase.close(ProductTestCase.java:25)
at com.testcases.ProductTestCase.close(ProductTestCase.java:25)
at com.testcases.ProductTestCase.close(ProductTestCase.java:25)
at com.testcases.ProductTestCase.close(ProductTestCase.java:25)
at com.testcases.ProductTestCase.close(ProductTestCase.java:25)
at com.testcases.ProductTestCase.close(ProductTestCase.java:25)
at com.testcases.ProductTestCase.close(ProductTestCase.java:25)
at com.testcases.ProductTestCase.close(ProductTestCase.java:25)
at com.testcases.ProductTestCase.close(ProductTestCase.java:25)
at com.testcases.ProductTestCase.close(ProductTestCase.java:25)
at com.testcases.ProductTestCase.close(ProductTestCase.java:25)
at com.testcases.ProductTestCase.close(ProductTestCase.java:25)
at com.testcases.ProductTestCase.close(ProductTestCase.java:25)
at com.testcases.ProductTestCase.close(ProductTestCase.java:25)
at com.testcases.ProductTestCase.close(ProductTestCase.java:25)
at com.testcases.ProductTestCase.close(ProductTestCase.java:25)
at com.testcases.ProductTestCase.close(ProductTestCase.java:25)
at com.testcases.ProductTestCase.close(ProductTestCase.java:25)
at com.testcases.ProductTestCase.close(ProductTestCase.java:25)
at com.testcases.ProductTestCase.close(ProductTestCase.java:25)
at com.testcases.ProductTestCase.close(ProductTestCase.java:25)
at com.testcases.ProductTestCase.close(ProductTestCase.java:25)
at com.testcases.ProductTestCase.close(ProductTestCase.java:25)
at com.testcases.ProductTestCase.close(ProductTestCase.java:25)
at com.testcases.ProductTestCase.close(ProductTestCase.java:25)
at com.testcases.ProductTestCase.close(ProductTestCase.java:25)
at com.testcases.ProductTestCase.close(ProductTestCase.java:25)
at com.testcases.ProductTestCase.close(ProductTestCase.java:25)
at com.testcases.ProductTestCase.close(ProductTestCase.java:25)
at com.testcases.ProductTestCase.close(ProductTestCase.java:25)
at com.testcases.ProductTestCase.close(ProductTestCase.java:25)
at com.testcases.ProductTestCase.close(ProductTestCase.java:25)
at com.testcases.ProductTestCase.close(ProductTestCase.java:25)
at com.testcases.ProductTestCase.close(ProductTestCase.java:25)
at com.testcases.ProductTestCase.close(ProductTestCase.java:25)
at com.testcases.ProductTestCase.close(ProductTestCase.java:25)
at com.testcases.ProductTestCase.close(ProductTestCase.java:25)
at com.testcases.ProductTestCase.close(ProductTestCase.java:25)
at com.testcases.ProductTestCase.close(ProductTestCase.java:25)
at com.testcases.ProductTestCase.close(ProductTestCase.java:25)
at com.testcases.ProductTestCase.close(ProductTestCase.java:25)
at com.testcases.ProductTestCase.close(ProductTestCase.java:25)
at com.testcases.ProductTestCase.close(ProductTestCase.java:25)
at com.testcases.ProductTestCase.close(ProductTestCase.java:25)
at com.testcases.ProductTestCase.close(ProductTestCase.java:25)
at com.testcases.ProductTestCase.close(ProductTestCase.java:25)
at com.testcases.ProductTestCase.close(ProductTestCase.java:25)
at com.testcases.ProductTestCase.close(ProductTestCase.java:25)
at com.testcases.ProductTestCase.close(ProductTestCase.java:25)
at com.testcases.ProductTestCase.close(ProductTestCase.java:25)
at com.testcases.ProductTestCase.close(ProductTestCase.java:25)
at com.testcases.ProductTestCase.close(ProductTestCase.java:25)
at com.testcases.ProductTestCase.close(ProductTestCase.java:25)
at com.testcases.ProductTestCase.close(ProductTestCase.java:25)
at com.testcases.ProductTestCase.close(ProductTestCase.java:25)
at com.testcases.ProductTestCase.close(ProductTestCase.java:25)
at com.testcases.ProductTestCase.close(ProductTestCase.java:25)
at com.testcases.ProductTestCase.close(ProductTestCase.java:25)
at com.testcases.ProductTestCase.close(ProductTestCase.java:25)
at com.testcases.ProductTestCase.close(ProductTestCase.java:25)
at com.testcases.ProductTestCase.close(ProductTestCase.java:25)
at com.testcases.ProductTestCase.close(ProductTestCase.java:25)
at com.testcases.ProductTestCase.close(ProductTestCase.java:25)
at com.testcases.ProductTestCase.close(ProductTestCase.java:25)
at com.testcases.ProductTestCase.close(ProductTestCase.java:25)
at com.testcases.ProductTestCase.close(ProductTestCase.java:25)
at com.testcases.ProductTestCase.close(ProductTestCase.java:25)
at com.testcases.ProductTestCase.close(ProductTestCase.java:25)
at com.testcases.ProductTestCase.close(ProductTestCase.java:25)
at com.testcases.ProductTestCase.close(ProductTestCase.java:25)
at com.testcases.ProductTestCase.close(ProductTestCase.java:25)
at com.testcases.ProductTestCase.close(ProductTestCase.java:25)
at com.testcases.ProductTestCase.close(ProductTestCase.java:25)
at com.testcases.ProductTestCase.close(ProductTestCase.java:25)
at com.testcases.ProductTestCase.close(ProductTestCase.java:25)
at com.testcases.ProductTestCase.close(ProductTestCase.java:25)
at com.testcases.ProductTestCase.close(ProductTestCase.java:25)
at com.testcases.ProductTestCase.close(ProductTestCase.java:25)
at com.testcases.ProductTestCase.close(ProductTestCase.java:25)
at com.testcases.ProductTestCase.close(ProductTestCase.java:25)
at com.testcases.ProductTestCase.close(ProductTestCase.java:25)
at com.testcases.ProductTestCase.close(ProductTestCase.java:25)
at com.testcases.ProductTestCase.close(ProductTestCase.java:25)
at com.testcases.ProductTestCase.close(ProductTestCase.java:25)
at com.testcases.ProductTestCase.close(ProductTestCase.java:25)
at com.testcases.ProductTestCase.close(ProductTestCase.java:25)
at com.testcases.ProductTestCase.close(ProductTestCase.java:25)
]]>
    </error>
  </testcase> <!-- close -->
</testsuite> <!-- com.testcases.ProductTestCase -->
